<?xml version="1.0" encoding="UTF-8"?>
<robot generator="Robot 6.0.2 (Python 3.11.1 on win32)" generated="20230125 16:15:53.299" rpa="false" schemaversion="3">
<suite id="s1" name="Add Employee Test" source="C:\orange_automation\2__employee_suite\01__add_employee_test.robot">
<test id="s1-t1" name="Add Valid Employee Test_TC1" line="11">
<kw name="Launch Browser And Navigate To Url" library="common_functionalities" type="SETUP">
<kw name="Open Browser" library="SeleniumLibrary">
<arg>browser=${BROWSER_NAME}</arg>
<doc>Opens a new browser instance to the optional ``url``.</doc>
<msg timestamp="20230125 16:15:54.380" level="INFO">Opening browser 'chrome' to base url 'None'.</msg>
<status status="PASS" starttime="20230125 16:15:54.379" endtime="20230125 16:15:57.053"/>
</kw>
<kw name="Maximize Browser Window" library="SeleniumLibrary">
<doc>Maximizes current browser window.</doc>
<status status="PASS" starttime="20230125 16:15:57.053" endtime="20230125 16:15:57.182"/>
</kw>
<kw name="Set Selenium Implicit Wait" library="SeleniumLibrary">
<arg>30s</arg>
<doc>Sets the implicit wait value used by Selenium.</doc>
<status status="PASS" starttime="20230125 16:15:57.184" endtime="20230125 16:15:57.189"/>
</kw>
<kw name="Go To" library="SeleniumLibrary">
<arg>url=${URL}</arg>
<doc>Navigates the current browser window to the provided ``url``.</doc>
<msg timestamp="20230125 16:15:57.190" level="INFO">Opening url 'https://opensource-demo.orangehrmlive.com/'</msg>
<status status="PASS" starttime="20230125 16:15:57.189" endtime="20230125 16:16:08.057"/>
</kw>
<status status="PASS" starttime="20230125 16:15:54.378" endtime="20230125 16:16:08.058"/>
</kw>
<kw name="Add Valid Employee Template">
<arg>Admin</arg>
<arg>admin123</arg>
<arg>John</arg>
<arg>j</arg>
<arg>Ken</arg>
<arg>John Ken</arg>
<arg>John</arg>
<kw name="Input Text" library="SeleniumLibrary">
<arg>name=username</arg>
<arg>${username}</arg>
<doc>Types the given ``text`` into the text field identified by ``locator``.</doc>
<msg timestamp="20230125 16:16:08.061" level="INFO">Typing text 'Admin' into text field 'name=username'.</msg>
<status status="PASS" starttime="20230125 16:16:08.059" endtime="20230125 16:16:09.684"/>
</kw>
<kw name="Input Text" library="SeleniumLibrary">
<arg>name=password</arg>
<arg>${password}</arg>
<doc>Types the given ``text`` into the text field identified by ``locator``.</doc>
<msg timestamp="20230125 16:16:09.699" level="INFO">Typing text 'admin123' into text field 'name=password'.</msg>
<status status="PASS" starttime="20230125 16:16:09.684" endtime="20230125 16:16:09.820"/>
</kw>
<kw name="Click Element" library="SeleniumLibrary">
<arg>xpath=//button[text()=' Login ']</arg>
<doc>Click the element identified by ``locator``.</doc>
<msg timestamp="20230125 16:16:09.820" level="INFO">Clicking element 'xpath=//button[text()=' Login ']'.</msg>
<status status="PASS" starttime="20230125 16:16:09.820" endtime="20230125 16:16:09.887"/>
</kw>
<kw name="Click Element" library="SeleniumLibrary">
<arg>xpath=//span[text()='PIM']</arg>
<doc>Click the element identified by ``locator``.</doc>
<msg timestamp="20230125 16:16:09.888" level="INFO">Clicking element 'xpath=//span[text()='PIM']'.</msg>
<status status="PASS" starttime="20230125 16:16:09.888" endtime="20230125 16:16:13.586"/>
</kw>
<kw name="Click Element" library="SeleniumLibrary">
<arg>link=Add Employee</arg>
<doc>Click the element identified by ``locator``.</doc>
<msg timestamp="20230125 16:16:13.589" level="INFO">Clicking element 'link=Add Employee'.</msg>
<status status="PASS" starttime="20230125 16:16:13.587" endtime="20230125 16:16:14.997"/>
</kw>
<kw name="Input Text" library="SeleniumLibrary">
<arg>name=firstName</arg>
<arg>${firstname}</arg>
<doc>Types the given ``text`` into the text field identified by ``locator``.</doc>
<msg timestamp="20230125 16:16:14.998" level="INFO">Typing text 'John' into text field 'name=firstName'.</msg>
<status status="PASS" starttime="20230125 16:16:14.997" endtime="20230125 16:16:16.096"/>
</kw>
<kw name="Input Text" library="SeleniumLibrary">
<arg>name=middleName</arg>
<arg>${middlename}</arg>
<doc>Types the given ``text`` into the text field identified by ``locator``.</doc>
<msg timestamp="20230125 16:16:16.098" level="INFO">Typing text 'j' into text field 'name=middleName'.</msg>
<status status="PASS" starttime="20230125 16:16:16.097" endtime="20230125 16:16:16.197"/>
</kw>
<kw name="Input Text" library="SeleniumLibrary">
<arg>name=lastName</arg>
<arg>${lastname}</arg>
<doc>Types the given ``text`` into the text field identified by ``locator``.</doc>
<msg timestamp="20230125 16:16:16.198" level="INFO">Typing text 'Ken' into text field 'name=lastName'.</msg>
<status status="PASS" starttime="20230125 16:16:16.197" endtime="20230125 16:16:16.316"/>
</kw>
<kw name="Sleep" library="BuiltIn">
<arg>5s</arg>
<doc>Pauses the test executed for the given time.</doc>
<msg timestamp="20230125 16:16:21.318" level="INFO">Slept 5 seconds</msg>
<status status="PASS" starttime="20230125 16:16:16.316" endtime="20230125 16:16:21.318"/>
</kw>
<kw name="Click Element" library="SeleniumLibrary">
<arg>xpath=//button[text()=' Save ']</arg>
<doc>Click the element identified by ``locator``.</doc>
<msg timestamp="20230125 16:16:21.318" level="INFO">Clicking element 'xpath=//button[text()=' Save ']'.</msg>
<status status="PASS" starttime="20230125 16:16:21.318" endtime="20230125 16:16:21.405"/>
</kw>
<kw name="Wait Until Page Contains" library="SeleniumLibrary">
<arg>${firstname}${SPACE}${lastname}</arg>
<doc>Waits until ``text`` appears on the current page.</doc>
<status status="PASS" starttime="20230125 16:16:21.406" endtime="20230125 16:16:26.505"/>
</kw>
<kw name="Element Text Should Be" library="SeleniumLibrary">
<arg>xpath=//h6[contains(normalize-space(),'${firstname}')]</arg>
<arg>${val_name}</arg>
<doc>Verifies that element ``locator`` contains exact the text ``expected``.</doc>
<msg timestamp="20230125 16:16:26.506" level="INFO">Verifying element 'xpath=//h6[contains(normalize-space(),'John')]' contains exact text 'John Ken'.</msg>
<status status="PASS" starttime="20230125 16:16:26.505" endtime="20230125 16:16:26.535"/>
</kw>
<kw name="Element Attribute Value Should Be" library="SeleniumLibrary">
<arg>name=firstName</arg>
<arg>value</arg>
<arg>${val_firstname}</arg>
<doc>Verifies element identified by ``locator`` contains expected attribute value.</doc>
<msg timestamp="20230125 16:16:26.573" level="INFO">Element 'name=firstName' attribute 'value' contains value 'John'.</msg>
<status status="PASS" starttime="20230125 16:16:26.536" endtime="20230125 16:16:26.573"/>
</kw>
<status status="PASS" starttime="20230125 16:16:08.058" endtime="20230125 16:16:26.575"/>
</kw>
<kw name="Close Browser" library="SeleniumLibrary" type="TEARDOWN">
<doc>Closes the current browser.</doc>
<status status="PASS" starttime="20230125 16:16:26.575" endtime="20230125 16:16:28.791"/>
</kw>
<status status="PASS" starttime="20230125 16:15:54.376" endtime="20230125 16:16:28.791"/>
</test>
<test id="s1-t2" name="Add Valid Employee Test_TC2" line="11">
<kw name="Launch Browser And Navigate To Url" library="common_functionalities" type="SETUP">
<kw name="Open Browser" library="SeleniumLibrary">
<arg>browser=${BROWSER_NAME}</arg>
<doc>Opens a new browser instance to the optional ``url``.</doc>
<msg timestamp="20230125 16:16:28.791" level="INFO">Opening browser 'chrome' to base url 'None'.</msg>
<status status="PASS" starttime="20230125 16:16:28.791" endtime="20230125 16:16:30.492"/>
</kw>
<kw name="Maximize Browser Window" library="SeleniumLibrary">
<doc>Maximizes current browser window.</doc>
<status status="PASS" starttime="20230125 16:16:30.492" endtime="20230125 16:16:30.624"/>
</kw>
<kw name="Set Selenium Implicit Wait" library="SeleniumLibrary">
<arg>30s</arg>
<doc>Sets the implicit wait value used by Selenium.</doc>
<status status="PASS" starttime="20230125 16:16:30.624" endtime="20230125 16:16:30.626"/>
</kw>
<kw name="Go To" library="SeleniumLibrary">
<arg>url=${URL}</arg>
<doc>Navigates the current browser window to the provided ``url``.</doc>
<msg timestamp="20230125 16:16:30.628" level="INFO">Opening url 'https://opensource-demo.orangehrmlive.com/'</msg>
<status status="PASS" starttime="20230125 16:16:30.627" endtime="20230125 16:16:38.316"/>
</kw>
<status status="PASS" starttime="20230125 16:16:28.791" endtime="20230125 16:16:38.316"/>
</kw>
<kw name="Add Valid Employee Template">
<arg>Admin</arg>
<arg>admin123</arg>
<arg>priya</arg>
<arg>d</arg>
<arg>kumar</arg>
<arg>priya kumar</arg>
<arg>priya</arg>
<kw name="Input Text" library="SeleniumLibrary">
<arg>name=username</arg>
<arg>${username}</arg>
<doc>Types the given ``text`` into the text field identified by ``locator``.</doc>
<msg timestamp="20230125 16:16:38.319" level="INFO">Typing text 'Admin' into text field 'name=username'.</msg>
<status status="PASS" starttime="20230125 16:16:38.318" endtime="20230125 16:16:40.147"/>
</kw>
<kw name="Input Text" library="SeleniumLibrary">
<arg>name=password</arg>
<arg>${password}</arg>
<doc>Types the given ``text`` into the text field identified by ``locator``.</doc>
<msg timestamp="20230125 16:16:40.147" level="INFO">Typing text 'admin123' into text field 'name=password'.</msg>
<status status="PASS" starttime="20230125 16:16:40.147" endtime="20230125 16:16:40.298"/>
</kw>
<kw name="Click Element" library="SeleniumLibrary">
<arg>xpath=//button[text()=' Login ']</arg>
<doc>Click the element identified by ``locator``.</doc>
<msg timestamp="20230125 16:16:40.298" level="INFO">Clicking element 'xpath=//button[text()=' Login ']'.</msg>
<status status="PASS" starttime="20230125 16:16:40.298" endtime="20230125 16:16:42.171"/>
</kw>
<kw name="Click Element" library="SeleniumLibrary">
<arg>xpath=//span[text()='PIM']</arg>
<doc>Click the element identified by ``locator``.</doc>
<msg timestamp="20230125 16:16:42.173" level="INFO">Clicking element 'xpath=//span[text()='PIM']'.</msg>
<status status="PASS" starttime="20230125 16:16:42.172" endtime="20230125 16:16:44.318"/>
</kw>
<kw name="Click Element" library="SeleniumLibrary">
<arg>link=Add Employee</arg>
<doc>Click the element identified by ``locator``.</doc>
<msg timestamp="20230125 16:16:44.319" level="INFO">Clicking element 'link=Add Employee'.</msg>
<status status="PASS" starttime="20230125 16:16:44.318" endtime="20230125 16:16:45.668"/>
</kw>
<kw name="Input Text" library="SeleniumLibrary">
<arg>name=firstName</arg>
<arg>${firstname}</arg>
<doc>Types the given ``text`` into the text field identified by ``locator``.</doc>
<msg timestamp="20230125 16:16:45.669" level="INFO">Typing text 'priya' into text field 'name=firstName'.</msg>
<status status="PASS" starttime="20230125 16:16:45.668" endtime="20230125 16:16:46.511"/>
</kw>
<kw name="Input Text" library="SeleniumLibrary">
<arg>name=middleName</arg>
<arg>${middlename}</arg>
<doc>Types the given ``text`` into the text field identified by ``locator``.</doc>
<msg timestamp="20230125 16:16:46.513" level="INFO">Typing text 'd' into text field 'name=middleName'.</msg>
<status status="PASS" starttime="20230125 16:16:46.512" endtime="20230125 16:16:46.623"/>
</kw>
<kw name="Input Text" library="SeleniumLibrary">
<arg>name=lastName</arg>
<arg>${lastname}</arg>
<doc>Types the given ``text`` into the text field identified by ``locator``.</doc>
<msg timestamp="20230125 16:16:46.624" level="INFO">Typing text 'kumar' into text field 'name=lastName'.</msg>
<status status="PASS" starttime="20230125 16:16:46.623" endtime="20230125 16:16:46.736"/>
</kw>
<kw name="Sleep" library="BuiltIn">
<arg>5s</arg>
<doc>Pauses the test executed for the given time.</doc>
<msg timestamp="20230125 16:16:51.737" level="INFO">Slept 5 seconds</msg>
<status status="PASS" starttime="20230125 16:16:46.737" endtime="20230125 16:16:51.737"/>
</kw>
<kw name="Click Element" library="SeleniumLibrary">
<arg>xpath=//button[text()=' Save ']</arg>
<doc>Click the element identified by ``locator``.</doc>
<msg timestamp="20230125 16:16:51.737" level="INFO">Clicking element 'xpath=//button[text()=' Save ']'.</msg>
<status status="PASS" starttime="20230125 16:16:51.737" endtime="20230125 16:16:51.819"/>
</kw>
<kw name="Wait Until Page Contains" library="SeleniumLibrary">
<arg>${firstname}${SPACE}${lastname}</arg>
<doc>Waits until ``text`` appears on the current page.</doc>
<status status="PASS" starttime="20230125 16:16:51.819" endtime="20230125 16:16:57.040"/>
</kw>
<kw name="Element Text Should Be" library="SeleniumLibrary">
<arg>xpath=//h6[contains(normalize-space(),'${firstname}')]</arg>
<arg>${val_name}</arg>
<doc>Verifies that element ``locator`` contains exact the text ``expected``.</doc>
<msg timestamp="20230125 16:16:57.041" level="INFO">Verifying element 'xpath=//h6[contains(normalize-space(),'priya')]' contains exact text 'priya kumar'.</msg>
<status status="PASS" starttime="20230125 16:16:57.040" endtime="20230125 16:16:57.076"/>
</kw>
<kw name="Element Attribute Value Should Be" library="SeleniumLibrary">
<arg>name=firstName</arg>
<arg>value</arg>
<arg>${val_firstname}</arg>
<doc>Verifies element identified by ``locator`` contains expected attribute value.</doc>
<msg timestamp="20230125 16:16:57.108" level="INFO">Element 'name=firstName' attribute 'value' contains value 'priya'.</msg>
<status status="PASS" starttime="20230125 16:16:57.076" endtime="20230125 16:16:57.108"/>
</kw>
<status status="PASS" starttime="20230125 16:16:38.317" endtime="20230125 16:16:57.109"/>
</kw>
<kw name="Close Browser" library="SeleniumLibrary" type="TEARDOWN">
<doc>Closes the current browser.</doc>
<status status="PASS" starttime="20230125 16:16:57.109" endtime="20230125 16:16:59.344"/>
</kw>
<status status="PASS" starttime="20230125 16:16:28.791" endtime="20230125 16:16:59.344"/>
</test>
<doc>This file contains test cases related to valid employee record</doc>
<status status="PASS" starttime="20230125 16:15:53.315" endtime="20230125 16:16:59.344"/>
</suite>
<statistics>
<total>
<stat pass="2" fail="0" skip="0">All Tests</stat>
</total>
<tag>
</tag>
<suite>
<stat pass="2" fail="0" skip="0" id="s1" name="Add Employee Test">Add Employee Test</stat>
</suite>
</statistics>
<errors>
</errors>
</robot>
